[2024-05-22 08:06:36] local.ERROR: syntax error, unexpected identifier "Artisan", expecting "{" {"exception":"[object] (ParseError(code: 0): syntax error, unexpected identifier \"Artisan\", expecting \"{\" at /home/dev/Dev/VisoBra/routes/console.php:8)
[stacktrace]
#0 /home/dev/Dev/VisoBra/vendor/laravel/framework/src/Illuminate/Foundation/Console/Kernel.php(479): Illuminate\\Foundation\\Console\\Kernel->discoverCommands()
#1 /home/dev/Dev/VisoBra/vendor/laravel/framework/src/Illuminate/Foundation/Console/Kernel.php(194): Illuminate\\Foundation\\Console\\Kernel->bootstrap()
#2 Command line code(1): Illuminate\\Foundation\\Console\\Kernel->handle()
#3 {main}
"} 
[2024-05-22 08:06:36] local.ERROR: syntax error, unexpected identifier "Artisan", expecting "{" {"exception":"[object] (ParseError(code: 0): syntax error, unexpected identifier \"Artisan\", expecting \"{\" at /home/dev/Dev/VisoBra/routes/console.php:8)
[stacktrace]
#0 /home/dev/Dev/VisoBra/vendor/laravel/framework/src/Illuminate/Foundation/Console/Kernel.php(479): Illuminate\\Foundation\\Console\\Kernel->discoverCommands()
#1 /home/dev/Dev/VisoBra/vendor/laravel/framework/src/Illuminate/Foundation/Console/Kernel.php(194): Illuminate\\Foundation\\Console\\Kernel->bootstrap()
#2 Command line code(1): Illuminate\\Foundation\\Console\\Kernel->handle()
#3 {main}
"} 
[2024-05-22 08:06:46] local.ERROR: syntax error, unexpected identifier "Artisan", expecting "," or ";" {"exception":"[object] (ParseError(code: 0): syntax error, unexpected identifier \"Artisan\", expecting \",\" or \";\" at /home/dev/Dev/VisoBra/routes/console.php:9)
[stacktrace]
#0 /home/dev/Dev/VisoBra/vendor/laravel/framework/src/Illuminate/Foundation/Console/Kernel.php(479): Illuminate\\Foundation\\Console\\Kernel->discoverCommands()
#1 /home/dev/Dev/VisoBra/vendor/laravel/framework/src/Illuminate/Foundation/Console/Kernel.php(194): Illuminate\\Foundation\\Console\\Kernel->bootstrap()
#2 Command line code(1): Illuminate\\Foundation\\Console\\Kernel->handle()
#3 {main}
"} 
[2024-05-22 08:06:46] local.ERROR: syntax error, unexpected identifier "Artisan", expecting "," or ";" {"exception":"[object] (ParseError(code: 0): syntax error, unexpected identifier \"Artisan\", expecting \",\" or \";\" at /home/dev/Dev/VisoBra/routes/console.php:9)
[stacktrace]
#0 /home/dev/Dev/VisoBra/vendor/laravel/framework/src/Illuminate/Foundation/Console/Kernel.php(479): Illuminate\\Foundation\\Console\\Kernel->discoverCommands()
#1 /home/dev/Dev/VisoBra/vendor/laravel/framework/src/Illuminate/Foundation/Console/Kernel.php(194): Illuminate\\Foundation\\Console\\Kernel->bootstrap()
#2 Command line code(1): Illuminate\\Foundation\\Console\\Kernel->handle()
#3 {main}
"} 
[2024-05-22 08:06:53] local.ERROR: syntax error, unexpected identifier "Artisan", expecting "," or ";" {"exception":"[object] (ParseError(code: 0): syntax error, unexpected identifier \"Artisan\", expecting \",\" or \";\" at /home/dev/Dev/VisoBra/routes/console.php:10)
[stacktrace]
#0 /home/dev/Dev/VisoBra/vendor/laravel/framework/src/Illuminate/Foundation/Console/Kernel.php(479): Illuminate\\Foundation\\Console\\Kernel->discoverCommands()
#1 /home/dev/Dev/VisoBra/vendor/laravel/framework/src/Illuminate/Foundation/Console/Kernel.php(194): Illuminate\\Foundation\\Console\\Kernel->bootstrap()
#2 Command line code(1): Illuminate\\Foundation\\Console\\Kernel->handle()
#3 {main}
"} 
[2024-05-22 08:06:53] local.ERROR: syntax error, unexpected identifier "Artisan", expecting "," or ";" {"exception":"[object] (ParseError(code: 0): syntax error, unexpected identifier \"Artisan\", expecting \",\" or \";\" at /home/dev/Dev/VisoBra/routes/console.php:10)
[stacktrace]
#0 /home/dev/Dev/VisoBra/vendor/laravel/framework/src/Illuminate/Foundation/Console/Kernel.php(479): Illuminate\\Foundation\\Console\\Kernel->discoverCommands()
#1 /home/dev/Dev/VisoBra/vendor/laravel/framework/src/Illuminate/Foundation/Console/Kernel.php(194): Illuminate\\Foundation\\Console\\Kernel->bootstrap()
#2 Command line code(1): Illuminate\\Foundation\\Console\\Kernel->handle()
#3 {main}
"} 
[2024-05-22 08:07:00] local.ERROR: syntax error, unexpected identifier "Artisan", expecting "{" {"exception":"[object] (ParseError(code: 0): syntax error, unexpected identifier \"Artisan\", expecting \"{\" at /home/dev/Dev/VisoBra/routes/console.php:10)
[stacktrace]
#0 /home/dev/Dev/VisoBra/vendor/laravel/framework/src/Illuminate/Foundation/Console/Kernel.php(479): Illuminate\\Foundation\\Console\\Kernel->discoverCommands()
#1 /home/dev/Dev/VisoBra/vendor/laravel/framework/src/Illuminate/Foundation/Console/Kernel.php(194): Illuminate\\Foundation\\Console\\Kernel->bootstrap()
#2 Command line code(1): Illuminate\\Foundation\\Console\\Kernel->handle()
#3 {main}
"} 
[2024-05-22 08:07:00] local.ERROR: syntax error, unexpected identifier "Artisan", expecting "{" {"exception":"[object] (ParseError(code: 0): syntax error, unexpected identifier \"Artisan\", expecting \"{\" at /home/dev/Dev/VisoBra/routes/console.php:10)
[stacktrace]
#0 /home/dev/Dev/VisoBra/vendor/laravel/framework/src/Illuminate/Foundation/Console/Kernel.php(479): Illuminate\\Foundation\\Console\\Kernel->discoverCommands()
#1 /home/dev/Dev/VisoBra/vendor/laravel/framework/src/Illuminate/Foundation/Console/Kernel.php(194): Illuminate\\Foundation\\Console\\Kernel->bootstrap()
#2 Command line code(1): Illuminate\\Foundation\\Console\\Kernel->handle()
#3 {main}
"} 
[2024-05-22 08:07:13] local.ERROR: syntax error, unexpected identifier "Artisan", expecting "{" {"exception":"[object] (ParseError(code: 0): syntax error, unexpected identifier \"Artisan\", expecting \"{\" at /home/dev/Dev/VisoBra/routes/console.php:10)
[stacktrace]
#0 /home/dev/Dev/VisoBra/vendor/laravel/framework/src/Illuminate/Foundation/Console/Kernel.php(479): Illuminate\\Foundation\\Console\\Kernel->discoverCommands()
#1 /home/dev/Dev/VisoBra/vendor/laravel/framework/src/Illuminate/Foundation/Console/Kernel.php(194): Illuminate\\Foundation\\Console\\Kernel->bootstrap()
#2 Command line code(1): Illuminate\\Foundation\\Console\\Kernel->handle()
#3 {main}
"} 
[2024-05-22 08:07:13] local.ERROR: syntax error, unexpected identifier "Artisan", expecting "{" {"exception":"[object] (ParseError(code: 0): syntax error, unexpected identifier \"Artisan\", expecting \"{\" at /home/dev/Dev/VisoBra/routes/console.php:10)
[stacktrace]
#0 /home/dev/Dev/VisoBra/vendor/laravel/framework/src/Illuminate/Foundation/Console/Kernel.php(479): Illuminate\\Foundation\\Console\\Kernel->discoverCommands()
#1 /home/dev/Dev/VisoBra/vendor/laravel/framework/src/Illuminate/Foundation/Console/Kernel.php(194): Illuminate\\Foundation\\Console\\Kernel->bootstrap()
#2 Command line code(1): Illuminate\\Foundation\\Console\\Kernel->handle()
#3 {main}
"} 
[2024-05-22 08:08:13] local.ERROR: syntax error, unexpected identifier "Artisan", expecting "," or ";" {"exception":"[object] (ParseError(code: 0): syntax error, unexpected identifier \"Artisan\", expecting \",\" or \";\" at /home/dev/Dev/VisoBra/routes/console.php:10)
[stacktrace]
#0 /home/dev/Dev/VisoBra/vendor/laravel/framework/src/Illuminate/Foundation/Console/Kernel.php(479): Illuminate\\Foundation\\Console\\Kernel->discoverCommands()
#1 /home/dev/Dev/VisoBra/vendor/laravel/framework/src/Illuminate/Foundation/Console/Kernel.php(194): Illuminate\\Foundation\\Console\\Kernel->bootstrap()
#2 Command line code(1): Illuminate\\Foundation\\Console\\Kernel->handle()
#3 {main}
"} 
[2024-05-22 08:08:13] local.ERROR: syntax error, unexpected identifier "Artisan", expecting "," or ";" {"exception":"[object] (ParseError(code: 0): syntax error, unexpected identifier \"Artisan\", expecting \",\" or \";\" at /home/dev/Dev/VisoBra/routes/console.php:10)
[stacktrace]
#0 /home/dev/Dev/VisoBra/vendor/laravel/framework/src/Illuminate/Foundation/Console/Kernel.php(479): Illuminate\\Foundation\\Console\\Kernel->discoverCommands()
#1 /home/dev/Dev/VisoBra/vendor/laravel/framework/src/Illuminate/Foundation/Console/Kernel.php(194): Illuminate\\Foundation\\Console\\Kernel->bootstrap()
#2 Command line code(1): Illuminate\\Foundation\\Console\\Kernel->handle()
#3 {main}
"} 
[2024-05-22 08:09:00] local.ERROR: syntax error, unexpected end of file {"exception":"[object] (ParseError(code: 0): syntax error, unexpected end of file at /home/dev/Dev/VisoBra/routes/console.php:11)
[stacktrace]
#0 /home/dev/Dev/VisoBra/vendor/laravel/framework/src/Illuminate/Foundation/Console/Kernel.php(479): Illuminate\\Foundation\\Console\\Kernel->discoverCommands()
#1 /home/dev/Dev/VisoBra/vendor/laravel/framework/src/Illuminate/Foundation/Console/Kernel.php(194): Illuminate\\Foundation\\Console\\Kernel->bootstrap()
#2 Command line code(1): Illuminate\\Foundation\\Console\\Kernel->handle()
#3 {main}
"} 
[2024-05-22 08:09:00] local.ERROR: syntax error, unexpected end of file {"exception":"[object] (ParseError(code: 0): syntax error, unexpected end of file at /home/dev/Dev/VisoBra/routes/console.php:11)
[stacktrace]
#0 /home/dev/Dev/VisoBra/vendor/laravel/framework/src/Illuminate/Foundation/Console/Kernel.php(479): Illuminate\\Foundation\\Console\\Kernel->discoverCommands()
#1 /home/dev/Dev/VisoBra/vendor/laravel/framework/src/Illuminate/Foundation/Console/Kernel.php(194): Illuminate\\Foundation\\Console\\Kernel->bootstrap()
#2 Command line code(1): Illuminate\\Foundation\\Console\\Kernel->handle()
#3 {main}
"} 
[2024-05-22 08:09:13] local.ERROR: syntax error, unexpected end of file {"exception":"[object] (ParseError(code: 0): syntax error, unexpected end of file at /home/dev/Dev/VisoBra/routes/console.php:11)
[stacktrace]
#0 /home/dev/Dev/VisoBra/vendor/laravel/framework/src/Illuminate/Foundation/Console/Kernel.php(479): Illuminate\\Foundation\\Console\\Kernel->discoverCommands()
#1 /home/dev/Dev/VisoBra/vendor/laravel/framework/src/Illuminate/Foundation/Console/Kernel.php(194): Illuminate\\Foundation\\Console\\Kernel->bootstrap()
#2 Command line code(1): Illuminate\\Foundation\\Console\\Kernel->handle()
#3 {main}
"} 
[2024-05-22 08:09:13] local.ERROR: syntax error, unexpected end of file {"exception":"[object] (ParseError(code: 0): syntax error, unexpected end of file at /home/dev/Dev/VisoBra/routes/console.php:11)
[stacktrace]
#0 /home/dev/Dev/VisoBra/vendor/laravel/framework/src/Illuminate/Foundation/Console/Kernel.php(479): Illuminate\\Foundation\\Console\\Kernel->discoverCommands()
#1 /home/dev/Dev/VisoBra/vendor/laravel/framework/src/Illuminate/Foundation/Console/Kernel.php(194): Illuminate\\Foundation\\Console\\Kernel->bootstrap()
#2 Command line code(1): Illuminate\\Foundation\\Console\\Kernel->handle()
#3 {main}
"} 
[2024-05-22 08:09:13] local.ERROR: syntax error, unexpected end of file {"exception":"[object] (ParseError(code: 0): syntax error, unexpected end of file at /home/dev/Dev/VisoBra/routes/console.php:11)
[stacktrace]
#0 /home/dev/Dev/VisoBra/vendor/laravel/framework/src/Illuminate/Foundation/Console/Kernel.php(479): Illuminate\\Foundation\\Console\\Kernel->discoverCommands()
#1 /home/dev/Dev/VisoBra/vendor/laravel/framework/src/Illuminate/Foundation/Console/Kernel.php(194): Illuminate\\Foundation\\Console\\Kernel->bootstrap()
#2 Command line code(1): Illuminate\\Foundation\\Console\\Kernel->handle()
#3 {main}
"} 
[2024-05-22 08:09:13] local.ERROR: syntax error, unexpected end of file {"exception":"[object] (ParseError(code: 0): syntax error, unexpected end of file at /home/dev/Dev/VisoBra/routes/console.php:11)
[stacktrace]
#0 /home/dev/Dev/VisoBra/vendor/laravel/framework/src/Illuminate/Foundation/Console/Kernel.php(479): Illuminate\\Foundation\\Console\\Kernel->discoverCommands()
#1 /home/dev/Dev/VisoBra/vendor/laravel/framework/src/Illuminate/Foundation/Console/Kernel.php(194): Illuminate\\Foundation\\Console\\Kernel->bootstrap()
#2 Command line code(1): Illuminate\\Foundation\\Console\\Kernel->handle()
#3 {main}
"} 
[2024-05-22 08:09:33] local.ERROR: syntax error, unexpected token "use", expecting "{" {"exception":"[object] (ParseError(code: 0): syntax error, unexpected token \"use\", expecting \"{\" at /home/dev/Dev/VisoBra/routes/console.php:5)
[stacktrace]
#0 /home/dev/Dev/VisoBra/vendor/laravel/framework/src/Illuminate/Foundation/Console/Kernel.php(479): Illuminate\\Foundation\\Console\\Kernel->discoverCommands()
#1 /home/dev/Dev/VisoBra/vendor/laravel/framework/src/Illuminate/Foundation/Console/Kernel.php(194): Illuminate\\Foundation\\Console\\Kernel->bootstrap()
#2 Command line code(1): Illuminate\\Foundation\\Console\\Kernel->handle()
#3 {main}
"} 
[2024-05-22 08:09:33] local.ERROR: syntax error, unexpected token "use", expecting "{" {"exception":"[object] (ParseError(code: 0): syntax error, unexpected token \"use\", expecting \"{\" at /home/dev/Dev/VisoBra/routes/console.php:5)
[stacktrace]
#0 /home/dev/Dev/VisoBra/vendor/laravel/framework/src/Illuminate/Foundation/Console/Kernel.php(479): Illuminate\\Foundation\\Console\\Kernel->discoverCommands()
#1 /home/dev/Dev/VisoBra/vendor/laravel/framework/src/Illuminate/Foundation/Console/Kernel.php(194): Illuminate\\Foundation\\Console\\Kernel->bootstrap()
#2 Command line code(1): Illuminate\\Foundation\\Console\\Kernel->handle()
#3 {main}
"} 
[2024-05-22 08:09:44] local.ERROR: syntax error, unexpected token "use", expecting "{" {"exception":"[object] (ParseError(code: 0): syntax error, unexpected token \"use\", expecting \"{\" at /home/dev/Dev/VisoBra/routes/console.php:5)
[stacktrace]
#0 /home/dev/Dev/VisoBra/vendor/laravel/framework/src/Illuminate/Foundation/Console/Kernel.php(479): Illuminate\\Foundation\\Console\\Kernel->discoverCommands()
#1 /home/dev/Dev/VisoBra/vendor/laravel/framework/src/Illuminate/Foundation/Console/Kernel.php(194): Illuminate\\Foundation\\Console\\Kernel->bootstrap()
#2 Command line code(1): Illuminate\\Foundation\\Console\\Kernel->handle()
#3 {main}
"} 
[2024-05-22 08:09:44] local.ERROR: syntax error, unexpected token "use", expecting "{" {"exception":"[object] (ParseError(code: 0): syntax error, unexpected token \"use\", expecting \"{\" at /home/dev/Dev/VisoBra/routes/console.php:5)
[stacktrace]
#0 /home/dev/Dev/VisoBra/vendor/laravel/framework/src/Illuminate/Foundation/Console/Kernel.php(479): Illuminate\\Foundation\\Console\\Kernel->discoverCommands()
#1 /home/dev/Dev/VisoBra/vendor/laravel/framework/src/Illuminate/Foundation/Console/Kernel.php(194): Illuminate\\Foundation\\Console\\Kernel->bootstrap()
#2 Command line code(1): Illuminate\\Foundation\\Console\\Kernel->handle()
#3 {main}
"} 
[2024-05-22 08:09:56] local.ERROR: syntax error, unexpected token "use", expecting "," or ";" {"exception":"[object] (ParseError(code: 0): syntax error, unexpected token \"use\", expecting \",\" or \";\" at /home/dev/Dev/VisoBra/routes/console.php:5)
[stacktrace]
#0 /home/dev/Dev/VisoBra/vendor/laravel/framework/src/Illuminate/Foundation/Console/Kernel.php(479): Illuminate\\Foundation\\Console\\Kernel->discoverCommands()
#1 /home/dev/Dev/VisoBra/vendor/laravel/framework/src/Illuminate/Foundation/Console/Kernel.php(194): Illuminate\\Foundation\\Console\\Kernel->bootstrap()
#2 Command line code(1): Illuminate\\Foundation\\Console\\Kernel->handle()
#3 {main}
"} 
[2024-05-22 08:09:56] local.ERROR: syntax error, unexpected token "use", expecting "," or ";" {"exception":"[object] (ParseError(code: 0): syntax error, unexpected token \"use\", expecting \",\" or \";\" at /home/dev/Dev/VisoBra/routes/console.php:5)
[stacktrace]
#0 /home/dev/Dev/VisoBra/vendor/laravel/framework/src/Illuminate/Foundation/Console/Kernel.php(479): Illuminate\\Foundation\\Console\\Kernel->discoverCommands()
#1 /home/dev/Dev/VisoBra/vendor/laravel/framework/src/Illuminate/Foundation/Console/Kernel.php(194): Illuminate\\Foundation\\Console\\Kernel->bootstrap()
#2 Command line code(1): Illuminate\\Foundation\\Console\\Kernel->handle()
#3 {main}
"} 
[2024-05-22 08:10:03] local.ERROR: syntax error, unexpected end of file {"exception":"[object] (ParseError(code: 0): syntax error, unexpected end of file at /home/dev/Dev/VisoBra/routes/console.php:11)
[stacktrace]
#0 /home/dev/Dev/VisoBra/vendor/laravel/framework/src/Illuminate/Foundation/Console/Kernel.php(479): Illuminate\\Foundation\\Console\\Kernel->discoverCommands()
#1 /home/dev/Dev/VisoBra/vendor/laravel/framework/src/Illuminate/Foundation/Console/Kernel.php(194): Illuminate\\Foundation\\Console\\Kernel->bootstrap()
#2 Command line code(1): Illuminate\\Foundation\\Console\\Kernel->handle()
#3 {main}
"} 
[2024-05-22 08:10:03] local.ERROR: syntax error, unexpected end of file {"exception":"[object] (ParseError(code: 0): syntax error, unexpected end of file at /home/dev/Dev/VisoBra/routes/console.php:11)
[stacktrace]
#0 /home/dev/Dev/VisoBra/vendor/laravel/framework/src/Illuminate/Foundation/Console/Kernel.php(479): Illuminate\\Foundation\\Console\\Kernel->discoverCommands()
#1 /home/dev/Dev/VisoBra/vendor/laravel/framework/src/Illuminate/Foundation/Console/Kernel.php(194): Illuminate\\Foundation\\Console\\Kernel->bootstrap()
#2 Command line code(1): Illuminate\\Foundation\\Console\\Kernel->handle()
#3 {main}
"} 
[2024-05-22 08:10:09] local.ERROR: syntax error, unexpected end of file {"exception":"[object] (ParseError(code: 0): syntax error, unexpected end of file at /home/dev/Dev/VisoBra/routes/console.php:11)
[stacktrace]
#0 /home/dev/Dev/VisoBra/vendor/laravel/framework/src/Illuminate/Foundation/Console/Kernel.php(479): Illuminate\\Foundation\\Console\\Kernel->discoverCommands()
#1 /home/dev/Dev/VisoBra/vendor/laravel/framework/src/Illuminate/Foundation/Console/Kernel.php(194): Illuminate\\Foundation\\Console\\Kernel->bootstrap()
#2 Command line code(1): Illuminate\\Foundation\\Console\\Kernel->handle()
#3 {main}
"} 
[2024-05-22 08:10:09] local.ERROR: syntax error, unexpected end of file {"exception":"[object] (ParseError(code: 0): syntax error, unexpected end of file at /home/dev/Dev/VisoBra/routes/console.php:11)
[stacktrace]
#0 /home/dev/Dev/VisoBra/vendor/laravel/framework/src/Illuminate/Foundation/Console/Kernel.php(479): Illuminate\\Foundation\\Console\\Kernel->discoverCommands()
#1 /home/dev/Dev/VisoBra/vendor/laravel/framework/src/Illuminate/Foundation/Console/Kernel.php(194): Illuminate\\Foundation\\Console\\Kernel->bootstrap()
#2 Command line code(1): Illuminate\\Foundation\\Console\\Kernel->handle()
#3 {main}
"} 
[2024-05-22 08:10:13] local.ERROR: syntax error, unexpected end of file {"exception":"[object] (ParseError(code: 0): syntax error, unexpected end of file at /home/dev/Dev/VisoBra/routes/console.php:11)
[stacktrace]
#0 /home/dev/Dev/VisoBra/vendor/laravel/framework/src/Illuminate/Foundation/Console/Kernel.php(479): Illuminate\\Foundation\\Console\\Kernel->discoverCommands()
#1 /home/dev/Dev/VisoBra/vendor/laravel/framework/src/Illuminate/Foundation/Console/Kernel.php(194): Illuminate\\Foundation\\Console\\Kernel->bootstrap()
#2 Command line code(1): Illuminate\\Foundation\\Console\\Kernel->handle()
#3 {main}
"} 
[2024-05-22 08:10:13] local.ERROR: syntax error, unexpected end of file {"exception":"[object] (ParseError(code: 0): syntax error, unexpected end of file at /home/dev/Dev/VisoBra/routes/console.php:11)
[stacktrace]
#0 /home/dev/Dev/VisoBra/vendor/laravel/framework/src/Illuminate/Foundation/Console/Kernel.php(479): Illuminate\\Foundation\\Console\\Kernel->discoverCommands()
#1 /home/dev/Dev/VisoBra/vendor/laravel/framework/src/Illuminate/Foundation/Console/Kernel.php(194): Illuminate\\Foundation\\Console\\Kernel->bootstrap()
#2 Command line code(1): Illuminate\\Foundation\\Console\\Kernel->handle()
#3 {main}
"} 
[2024-05-22 08:11:13] local.ERROR: Undefined property: Illuminate\Console\Scheduling\Event::$wee {"exception":"[object] (ErrorException(code: 0): Undefined property: Illuminate\\Console\\Scheduling\\Event::$wee at /home/dev/Dev/VisoBra/routes/console.php:11)
[stacktrace]
#0 /home/dev/Dev/VisoBra/vendor/laravel/framework/src/Illuminate/Foundation/Bootstrap/HandleExceptions.php(256): Illuminate\\Foundation\\Bootstrap\\HandleExceptions->handleError()
#1 /home/dev/Dev/VisoBra/routes/console.php(11): Illuminate\\Foundation\\Bootstrap\\HandleExceptions->Illuminate\\Foundation\\Bootstrap\\{closure}()
#2 /home/dev/Dev/VisoBra/vendor/laravel/framework/src/Illuminate/Foundation/Console/Kernel.php(499): require('...')
#3 /home/dev/Dev/VisoBra/vendor/laravel/framework/src/Illuminate/Foundation/Console/Kernel.php(479): Illuminate\\Foundation\\Console\\Kernel->discoverCommands()
#4 /home/dev/Dev/VisoBra/vendor/laravel/framework/src/Illuminate/Foundation/Console/Kernel.php(194): Illuminate\\Foundation\\Console\\Kernel->bootstrap()
#5 Command line code(1): Illuminate\\Foundation\\Console\\Kernel->handle()
#6 {main}
"} 
[2024-05-22 08:11:13] local.ERROR: Undefined property: Illuminate\Console\Scheduling\Event::$wee {"exception":"[object] (ErrorException(code: 0): Undefined property: Illuminate\\Console\\Scheduling\\Event::$wee at /home/dev/Dev/VisoBra/routes/console.php:11)
[stacktrace]
#0 /home/dev/Dev/VisoBra/vendor/laravel/framework/src/Illuminate/Foundation/Bootstrap/HandleExceptions.php(256): Illuminate\\Foundation\\Bootstrap\\HandleExceptions->handleError()
#1 /home/dev/Dev/VisoBra/routes/console.php(11): Illuminate\\Foundation\\Bootstrap\\HandleExceptions->Illuminate\\Foundation\\Bootstrap\\{closure}()
#2 /home/dev/Dev/VisoBra/vendor/laravel/framework/src/Illuminate/Foundation/Console/Kernel.php(499): require('...')
#3 /home/dev/Dev/VisoBra/vendor/laravel/framework/src/Illuminate/Foundation/Console/Kernel.php(479): Illuminate\\Foundation\\Console\\Kernel->discoverCommands()
#4 /home/dev/Dev/VisoBra/vendor/laravel/framework/src/Illuminate/Foundation/Console/Kernel.php(194): Illuminate\\Foundation\\Console\\Kernel->bootstrap()
#5 Command line code(1): Illuminate\\Foundation\\Console\\Kernel->handle()
#6 {main}
"} 
[2024-05-22 08:12:33] local.ERROR: syntax error, unexpected end of file {"exception":"[object] (ParseError(code: 0): syntax error, unexpected end of file at /home/dev/Dev/VisoBra/routes/console.php:14)
[stacktrace]
#0 /home/dev/Dev/VisoBra/vendor/laravel/framework/src/Illuminate/Foundation/Console/Kernel.php(479): Illuminate\\Foundation\\Console\\Kernel->discoverCommands()
#1 /home/dev/Dev/VisoBra/vendor/laravel/framework/src/Illuminate/Foundation/Console/Kernel.php(194): Illuminate\\Foundation\\Console\\Kernel->bootstrap()
#2 Command line code(1): Illuminate\\Foundation\\Console\\Kernel->handle()
#3 {main}
"} 
[2024-05-22 08:12:33] local.ERROR: syntax error, unexpected end of file {"exception":"[object] (ParseError(code: 0): syntax error, unexpected end of file at /home/dev/Dev/VisoBra/routes/console.php:14)
[stacktrace]
#0 /home/dev/Dev/VisoBra/vendor/laravel/framework/src/Illuminate/Foundation/Console/Kernel.php(479): Illuminate\\Foundation\\Console\\Kernel->discoverCommands()
#1 /home/dev/Dev/VisoBra/vendor/laravel/framework/src/Illuminate/Foundation/Console/Kernel.php(194): Illuminate\\Foundation\\Console\\Kernel->bootstrap()
#2 Command line code(1): Illuminate\\Foundation\\Console\\Kernel->handle()
#3 {main}
"} 
[2024-05-22 08:13:13] local.ERROR: syntax error, unexpected end of file {"exception":"[object] (ParseError(code: 0): syntax error, unexpected end of file at /home/dev/Dev/VisoBra/routes/console.php:16)
[stacktrace]
#0 /home/dev/Dev/VisoBra/vendor/laravel/framework/src/Illuminate/Foundation/Console/Kernel.php(479): Illuminate\\Foundation\\Console\\Kernel->discoverCommands()
#1 /home/dev/Dev/VisoBra/vendor/laravel/framework/src/Illuminate/Foundation/Console/Kernel.php(194): Illuminate\\Foundation\\Console\\Kernel->bootstrap()
#2 Command line code(1): Illuminate\\Foundation\\Console\\Kernel->handle()
#3 {main}
"} 
[2024-05-22 08:13:13] local.ERROR: syntax error, unexpected end of file {"exception":"[object] (ParseError(code: 0): syntax error, unexpected end of file at /home/dev/Dev/VisoBra/routes/console.php:16)
[stacktrace]
#0 /home/dev/Dev/VisoBra/vendor/laravel/framework/src/Illuminate/Foundation/Console/Kernel.php(479): Illuminate\\Foundation\\Console\\Kernel->discoverCommands()
#1 /home/dev/Dev/VisoBra/vendor/laravel/framework/src/Illuminate/Foundation/Console/Kernel.php(194): Illuminate\\Foundation\\Console\\Kernel->bootstrap()
#2 Command line code(1): Illuminate\\Foundation\\Console\\Kernel->handle()
#3 {main}
"} 
[2024-05-22 08:13:18] local.ERROR: syntax error, unexpected end of file, expecting identifier or variable or "{" or "$" {"exception":"[object] (ParseError(code: 0): syntax error, unexpected end of file, expecting identifier or variable or \"{\" or \"$\" at /home/dev/Dev/VisoBra/routes/console.php:16)
[stacktrace]
#0 /home/dev/Dev/VisoBra/vendor/laravel/framework/src/Illuminate/Foundation/Console/Kernel.php(479): Illuminate\\Foundation\\Console\\Kernel->discoverCommands()
#1 /home/dev/Dev/VisoBra/vendor/laravel/framework/src/Illuminate/Foundation/Console/Kernel.php(194): Illuminate\\Foundation\\Console\\Kernel->bootstrap()
#2 Command line code(1): Illuminate\\Foundation\\Console\\Kernel->handle()
#3 {main}
"} 
[2024-05-22 08:13:18] local.ERROR: syntax error, unexpected end of file, expecting identifier or variable or "{" or "$" {"exception":"[object] (ParseError(code: 0): syntax error, unexpected end of file, expecting identifier or variable or \"{\" or \"$\" at /home/dev/Dev/VisoBra/routes/console.php:16)
[stacktrace]
#0 /home/dev/Dev/VisoBra/vendor/laravel/framework/src/Illuminate/Foundation/Console/Kernel.php(479): Illuminate\\Foundation\\Console\\Kernel->discoverCommands()
#1 /home/dev/Dev/VisoBra/vendor/laravel/framework/src/Illuminate/Foundation/Console/Kernel.php(194): Illuminate\\Foundation\\Console\\Kernel->bootstrap()
#2 Command line code(1): Illuminate\\Foundation\\Console\\Kernel->handle()
#3 {main}
"} 
[2024-05-22 08:14:13] local.ERROR: syntax error, unexpected end of file, expecting identifier or variable or "{" or "$" {"exception":"[object] (ParseError(code: 0): syntax error, unexpected end of file, expecting identifier or variable or \"{\" or \"$\" at /home/dev/Dev/VisoBra/routes/console.php:16)
[stacktrace]
#0 /home/dev/Dev/VisoBra/vendor/laravel/framework/src/Illuminate/Foundation/Console/Kernel.php(479): Illuminate\\Foundation\\Console\\Kernel->discoverCommands()
#1 /home/dev/Dev/VisoBra/vendor/laravel/framework/src/Illuminate/Foundation/Console/Kernel.php(194): Illuminate\\Foundation\\Console\\Kernel->bootstrap()
#2 Command line code(1): Illuminate\\Foundation\\Console\\Kernel->handle()
#3 {main}
"} 
[2024-05-22 08:14:13] local.ERROR: syntax error, unexpected end of file, expecting identifier or variable or "{" or "$" {"exception":"[object] (ParseError(code: 0): syntax error, unexpected end of file, expecting identifier or variable or \"{\" or \"$\" at /home/dev/Dev/VisoBra/routes/console.php:16)
[stacktrace]
#0 /home/dev/Dev/VisoBra/vendor/laravel/framework/src/Illuminate/Foundation/Console/Kernel.php(479): Illuminate\\Foundation\\Console\\Kernel->discoverCommands()
#1 /home/dev/Dev/VisoBra/vendor/laravel/framework/src/Illuminate/Foundation/Console/Kernel.php(194): Illuminate\\Foundation\\Console\\Kernel->bootstrap()
#2 Command line code(1): Illuminate\\Foundation\\Console\\Kernel->handle()
#3 {main}
"} 
[2024-05-22 08:15:12] local.ERROR: syntax error, unexpected end of file, expecting identifier or variable or "{" or "$" {"exception":"[object] (ParseError(code: 0): syntax error, unexpected end of file, expecting identifier or variable or \"{\" or \"$\" at /home/dev/Dev/VisoBra/routes/console.php:16)
[stacktrace]
#0 /home/dev/Dev/VisoBra/vendor/laravel/framework/src/Illuminate/Foundation/Console/Kernel.php(479): Illuminate\\Foundation\\Console\\Kernel->discoverCommands()
#1 /home/dev/Dev/VisoBra/vendor/laravel/framework/src/Illuminate/Foundation/Console/Kernel.php(194): Illuminate\\Foundation\\Console\\Kernel->bootstrap()
#2 Command line code(1): Illuminate\\Foundation\\Console\\Kernel->handle()
#3 {main}
"} 
[2024-05-22 08:15:12] local.ERROR: syntax error, unexpected end of file, expecting identifier or variable or "{" or "$" {"exception":"[object] (ParseError(code: 0): syntax error, unexpected end of file, expecting identifier or variable or \"{\" or \"$\" at /home/dev/Dev/VisoBra/routes/console.php:16)
[stacktrace]
#0 /home/dev/Dev/VisoBra/vendor/laravel/framework/src/Illuminate/Foundation/Console/Kernel.php(479): Illuminate\\Foundation\\Console\\Kernel->discoverCommands()
#1 /home/dev/Dev/VisoBra/vendor/laravel/framework/src/Illuminate/Foundation/Console/Kernel.php(194): Illuminate\\Foundation\\Console\\Kernel->bootstrap()
#2 Command line code(1): Illuminate\\Foundation\\Console\\Kernel->handle()
#3 {main}
"} 
[2024-05-22 08:15:13] local.ERROR: syntax error, unexpected end of file, expecting identifier or variable or "{" or "$" {"exception":"[object] (ParseError(code: 0): syntax error, unexpected end of file, expecting identifier or variable or \"{\" or \"$\" at /home/dev/Dev/VisoBra/routes/console.php:16)
[stacktrace]
#0 /home/dev/Dev/VisoBra/vendor/laravel/framework/src/Illuminate/Foundation/Console/Kernel.php(479): Illuminate\\Foundation\\Console\\Kernel->discoverCommands()
#1 /home/dev/Dev/VisoBra/vendor/laravel/framework/src/Illuminate/Foundation/Console/Kernel.php(194): Illuminate\\Foundation\\Console\\Kernel->bootstrap()
#2 Command line code(1): Illuminate\\Foundation\\Console\\Kernel->handle()
#3 {main}
"} 
[2024-05-22 08:15:13] local.ERROR: syntax error, unexpected end of file, expecting identifier or variable or "{" or "$" {"exception":"[object] (ParseError(code: 0): syntax error, unexpected end of file, expecting identifier or variable or \"{\" or \"$\" at /home/dev/Dev/VisoBra/routes/console.php:16)
[stacktrace]
#0 /home/dev/Dev/VisoBra/vendor/laravel/framework/src/Illuminate/Foundation/Console/Kernel.php(479): Illuminate\\Foundation\\Console\\Kernel->discoverCommands()
#1 /home/dev/Dev/VisoBra/vendor/laravel/framework/src/Illuminate/Foundation/Console/Kernel.php(194): Illuminate\\Foundation\\Console\\Kernel->bootstrap()
#2 Command line code(1): Illuminate\\Foundation\\Console\\Kernel->handle()
#3 {main}
"} 
[2024-05-22 08:15:46] local.ERROR: syntax error, unexpected end of file {"exception":"[object] (ParseError(code: 0): syntax error, unexpected end of file at /home/dev/Dev/VisoBra/routes/console.php:17)
[stacktrace]
#0 /home/dev/Dev/VisoBra/vendor/laravel/framework/src/Illuminate/Foundation/Console/Kernel.php(479): Illuminate\\Foundation\\Console\\Kernel->discoverCommands()
#1 /home/dev/Dev/VisoBra/vendor/laravel/framework/src/Illuminate/Foundation/Console/Kernel.php(194): Illuminate\\Foundation\\Console\\Kernel->bootstrap()
#2 Command line code(1): Illuminate\\Foundation\\Console\\Kernel->handle()
#3 {main}
"} 
[2024-05-22 08:15:46] local.ERROR: syntax error, unexpected end of file {"exception":"[object] (ParseError(code: 0): syntax error, unexpected end of file at /home/dev/Dev/VisoBra/routes/console.php:17)
[stacktrace]
#0 /home/dev/Dev/VisoBra/vendor/laravel/framework/src/Illuminate/Foundation/Console/Kernel.php(479): Illuminate\\Foundation\\Console\\Kernel->discoverCommands()
#1 /home/dev/Dev/VisoBra/vendor/laravel/framework/src/Illuminate/Foundation/Console/Kernel.php(194): Illuminate\\Foundation\\Console\\Kernel->bootstrap()
#2 Command line code(1): Illuminate\\Foundation\\Console\\Kernel->handle()
#3 {main}
"} 
[2024-05-22 08:15:58] local.ERROR: Too few arguments to function Illuminate\Console\Scheduling\Event::weeklyOn(), 0 passed in /home/dev/Dev/VisoBra/routes/console.php on line 15 and at least 1 expected {"exception":"[object] (ArgumentCountError(code: 0): Too few arguments to function Illuminate\\Console\\Scheduling\\Event::weeklyOn(), 0 passed in /home/dev/Dev/VisoBra/routes/console.php on line 15 and at least 1 expected at /home/dev/Dev/VisoBra/vendor/laravel/framework/src/Illuminate/Console/Scheduling/ManagesFrequencies.php:506)
[stacktrace]
#0 /home/dev/Dev/VisoBra/routes/console.php(15): Illuminate\\Console\\Scheduling\\Event->weeklyOn()
#1 /home/dev/Dev/VisoBra/vendor/laravel/framework/src/Illuminate/Foundation/Console/Kernel.php(499): require('...')
#2 /home/dev/Dev/VisoBra/vendor/laravel/framework/src/Illuminate/Foundation/Console/Kernel.php(479): Illuminate\\Foundation\\Console\\Kernel->discoverCommands()
#3 /home/dev/Dev/VisoBra/vendor/laravel/framework/src/Illuminate/Foundation/Console/Kernel.php(194): Illuminate\\Foundation\\Console\\Kernel->bootstrap()
#4 Command line code(1): Illuminate\\Foundation\\Console\\Kernel->handle()
#5 {main}
"} 
[2024-05-22 08:15:58] local.ERROR: Too few arguments to function Illuminate\Console\Scheduling\Event::weeklyOn(), 0 passed in /home/dev/Dev/VisoBra/routes/console.php on line 15 and at least 1 expected {"exception":"[object] (ArgumentCountError(code: 0): Too few arguments to function Illuminate\\Console\\Scheduling\\Event::weeklyOn(), 0 passed in /home/dev/Dev/VisoBra/routes/console.php on line 15 and at least 1 expected at /home/dev/Dev/VisoBra/vendor/laravel/framework/src/Illuminate/Console/Scheduling/ManagesFrequencies.php:506)
[stacktrace]
#0 /home/dev/Dev/VisoBra/routes/console.php(15): Illuminate\\Console\\Scheduling\\Event->weeklyOn()
#1 /home/dev/Dev/VisoBra/vendor/laravel/framework/src/Illuminate/Foundation/Console/Kernel.php(499): require('...')
#2 /home/dev/Dev/VisoBra/vendor/laravel/framework/src/Illuminate/Foundation/Console/Kernel.php(479): Illuminate\\Foundation\\Console\\Kernel->discoverCommands()
#3 /home/dev/Dev/VisoBra/vendor/laravel/framework/src/Illuminate/Foundation/Console/Kernel.php(194): Illuminate\\Foundation\\Console\\Kernel->bootstrap()
#4 Command line code(1): Illuminate\\Foundation\\Console\\Kernel->handle()
#5 {main}
"} 
[2024-05-22 08:17:10] local.ERROR: syntax error, unexpected end of file {"exception":"[object] (ParseError(code: 0): syntax error, unexpected end of file at /home/dev/Dev/VisoBra/routes/console.php:17)
[stacktrace]
#0 /home/dev/Dev/VisoBra/vendor/laravel/framework/src/Illuminate/Foundation/Console/Kernel.php(479): Illuminate\\Foundation\\Console\\Kernel->discoverCommands()
#1 /home/dev/Dev/VisoBra/vendor/laravel/framework/src/Illuminate/Foundation/Console/Kernel.php(194): Illuminate\\Foundation\\Console\\Kernel->bootstrap()
#2 Command line code(1): Illuminate\\Foundation\\Console\\Kernel->handle()
#3 {main}
"} 
[2024-05-22 08:17:10] local.ERROR: syntax error, unexpected end of file {"exception":"[object] (ParseError(code: 0): syntax error, unexpected end of file at /home/dev/Dev/VisoBra/routes/console.php:17)
[stacktrace]
#0 /home/dev/Dev/VisoBra/vendor/laravel/framework/src/Illuminate/Foundation/Console/Kernel.php(479): Illuminate\\Foundation\\Console\\Kernel->discoverCommands()
#1 /home/dev/Dev/VisoBra/vendor/laravel/framework/src/Illuminate/Foundation/Console/Kernel.php(194): Illuminate\\Foundation\\Console\\Kernel->bootstrap()
#2 Command line code(1): Illuminate\\Foundation\\Console\\Kernel->handle()
#3 {main}
"} 
[2024-05-22 08:17:13] local.ERROR: syntax error, unexpected token ":" {"exception":"[object] (ParseError(code: 0): syntax error, unexpected token \":\" at /home/dev/Dev/VisoBra/routes/console.php:17)
[stacktrace]
#0 /home/dev/Dev/VisoBra/vendor/laravel/framework/src/Illuminate/Foundation/Console/Kernel.php(479): Illuminate\\Foundation\\Console\\Kernel->discoverCommands()
#1 /home/dev/Dev/VisoBra/vendor/laravel/framework/src/Illuminate/Foundation/Console/Kernel.php(194): Illuminate\\Foundation\\Console\\Kernel->bootstrap()
#2 Command line code(1): Illuminate\\Foundation\\Console\\Kernel->handle()
#3 {main}
"} 
[2024-05-22 08:17:13] local.ERROR: syntax error, unexpected token ":" {"exception":"[object] (ParseError(code: 0): syntax error, unexpected token \":\" at /home/dev/Dev/VisoBra/routes/console.php:17)
[stacktrace]
#0 /home/dev/Dev/VisoBra/vendor/laravel/framework/src/Illuminate/Foundation/Console/Kernel.php(479): Illuminate\\Foundation\\Console\\Kernel->discoverCommands()
#1 /home/dev/Dev/VisoBra/vendor/laravel/framework/src/Illuminate/Foundation/Console/Kernel.php(194): Illuminate\\Foundation\\Console\\Kernel->bootstrap()
#2 Command line code(1): Illuminate\\Foundation\\Console\\Kernel->handle()
#3 {main}
"} 
[2024-05-22 08:17:25] local.ERROR: Undefined constant "Upad" {"exception":"[object] (Error(code: 0): Undefined constant \"Upad\" at /home/dev/Dev/VisoBra/routes/console.php:17)
[stacktrace]
#0 /home/dev/Dev/VisoBra/vendor/laravel/framework/src/Illuminate/Foundation/Console/Kernel.php(499): require()
#1 /home/dev/Dev/VisoBra/vendor/laravel/framework/src/Illuminate/Foundation/Console/Kernel.php(479): Illuminate\\Foundation\\Console\\Kernel->discoverCommands()
#2 /home/dev/Dev/VisoBra/vendor/laravel/framework/src/Illuminate/Foundation/Console/Kernel.php(194): Illuminate\\Foundation\\Console\\Kernel->bootstrap()
#3 Command line code(1): Illuminate\\Foundation\\Console\\Kernel->handle()
#4 {main}
"} 
[2024-05-22 08:17:25] local.ERROR: Undefined constant "Upad" {"exception":"[object] (Error(code: 0): Undefined constant \"Upad\" at /home/dev/Dev/VisoBra/routes/console.php:17)
[stacktrace]
#0 /home/dev/Dev/VisoBra/vendor/laravel/framework/src/Illuminate/Foundation/Console/Kernel.php(499): require()
#1 /home/dev/Dev/VisoBra/vendor/laravel/framework/src/Illuminate/Foundation/Console/Kernel.php(479): Illuminate\\Foundation\\Console\\Kernel->discoverCommands()
#2 /home/dev/Dev/VisoBra/vendor/laravel/framework/src/Illuminate/Foundation/Console/Kernel.php(194): Illuminate\\Foundation\\Console\\Kernel->bootstrap()
#3 Command line code(1): Illuminate\\Foundation\\Console\\Kernel->handle()
#4 {main}
"} 
[2024-05-22 08:18:21] local.ERROR: Too few arguments to function Illuminate\Console\Scheduling\Event::timezone(), 0 passed in /home/dev/Dev/VisoBra/routes/console.php on line 19 and exactly 1 expected {"exception":"[object] (ArgumentCountError(code: 0): Too few arguments to function Illuminate\\Console\\Scheduling\\Event::timezone(), 0 passed in /home/dev/Dev/VisoBra/routes/console.php on line 19 and exactly 1 expected at /home/dev/Dev/VisoBra/vendor/laravel/framework/src/Illuminate/Console/Scheduling/ManagesFrequencies.php:645)
[stacktrace]
#0 /home/dev/Dev/VisoBra/routes/console.php(19): Illuminate\\Console\\Scheduling\\Event->timezone()
#1 /home/dev/Dev/VisoBra/vendor/laravel/framework/src/Illuminate/Foundation/Console/Kernel.php(499): require('...')
#2 /home/dev/Dev/VisoBra/vendor/laravel/framework/src/Illuminate/Foundation/Console/Kernel.php(479): Illuminate\\Foundation\\Console\\Kernel->discoverCommands()
#3 /home/dev/Dev/VisoBra/vendor/laravel/framework/src/Illuminate/Foundation/Console/Kernel.php(194): Illuminate\\Foundation\\Console\\Kernel->bootstrap()
#4 Command line code(1): Illuminate\\Foundation\\Console\\Kernel->handle()
#5 {main}
"} 
[2024-05-22 08:18:21] local.ERROR: Too few arguments to function Illuminate\Console\Scheduling\Event::timezone(), 0 passed in /home/dev/Dev/VisoBra/routes/console.php on line 19 and exactly 1 expected {"exception":"[object] (ArgumentCountError(code: 0): Too few arguments to function Illuminate\\Console\\Scheduling\\Event::timezone(), 0 passed in /home/dev/Dev/VisoBra/routes/console.php on line 19 and exactly 1 expected at /home/dev/Dev/VisoBra/vendor/laravel/framework/src/Illuminate/Console/Scheduling/ManagesFrequencies.php:645)
[stacktrace]
#0 /home/dev/Dev/VisoBra/routes/console.php(19): Illuminate\\Console\\Scheduling\\Event->timezone()
#1 /home/dev/Dev/VisoBra/vendor/laravel/framework/src/Illuminate/Foundation/Console/Kernel.php(499): require('...')
#2 /home/dev/Dev/VisoBra/vendor/laravel/framework/src/Illuminate/Foundation/Console/Kernel.php(479): Illuminate\\Foundation\\Console\\Kernel->discoverCommands()
#3 /home/dev/Dev/VisoBra/vendor/laravel/framework/src/Illuminate/Foundation/Console/Kernel.php(194): Illuminate\\Foundation\\Console\\Kernel->bootstrap()
#4 Command line code(1): Illuminate\\Foundation\\Console\\Kernel->handle()
#5 {main}
"} 
[2024-05-22 08:18:35] local.ERROR: syntax error, unexpected end of file {"exception":"[object] (ParseError(code: 0): syntax error, unexpected end of file at /home/dev/Dev/VisoBra/routes/console.php:20)
[stacktrace]
#0 /home/dev/Dev/VisoBra/vendor/laravel/framework/src/Illuminate/Foundation/Console/Kernel.php(479): Illuminate\\Foundation\\Console\\Kernel->discoverCommands()
#1 /home/dev/Dev/VisoBra/vendor/laravel/framework/src/Illuminate/Foundation/Console/Kernel.php(194): Illuminate\\Foundation\\Console\\Kernel->bootstrap()
#2 Command line code(1): Illuminate\\Foundation\\Console\\Kernel->handle()
#3 {main}
"} 
[2024-05-22 08:18:35] local.ERROR: syntax error, unexpected end of file {"exception":"[object] (ParseError(code: 0): syntax error, unexpected end of file at /home/dev/Dev/VisoBra/routes/console.php:20)
[stacktrace]
#0 /home/dev/Dev/VisoBra/vendor/laravel/framework/src/Illuminate/Foundation/Console/Kernel.php(479): Illuminate\\Foundation\\Console\\Kernel->discoverCommands()
#1 /home/dev/Dev/VisoBra/vendor/laravel/framework/src/Illuminate/Foundation/Console/Kernel.php(194): Illuminate\\Foundation\\Console\\Kernel->bootstrap()
#2 Command line code(1): Illuminate\\Foundation\\Console\\Kernel->handle()
#3 {main}
"} 
[2024-05-22 08:18:40] local.ERROR: syntax error, unexpected end of file {"exception":"[object] (ParseError(code: 0): syntax error, unexpected end of file at /home/dev/Dev/VisoBra/routes/console.php:20)
[stacktrace]
#0 /home/dev/Dev/VisoBra/vendor/laravel/framework/src/Illuminate/Foundation/Console/Kernel.php(479): Illuminate\\Foundation\\Console\\Kernel->discoverCommands()
#1 /home/dev/Dev/VisoBra/vendor/laravel/framework/src/Illuminate/Foundation/Console/Kernel.php(194): Illuminate\\Foundation\\Console\\Kernel->bootstrap()
#2 Command line code(1): Illuminate\\Foundation\\Console\\Kernel->handle()
#3 {main}
"} 
[2024-05-22 08:18:40] local.ERROR: syntax error, unexpected end of file {"exception":"[object] (ParseError(code: 0): syntax error, unexpected end of file at /home/dev/Dev/VisoBra/routes/console.php:20)
[stacktrace]
#0 /home/dev/Dev/VisoBra/vendor/laravel/framework/src/Illuminate/Foundation/Console/Kernel.php(479): Illuminate\\Foundation\\Console\\Kernel->discoverCommands()
#1 /home/dev/Dev/VisoBra/vendor/laravel/framework/src/Illuminate/Foundation/Console/Kernel.php(194): Illuminate\\Foundation\\Console\\Kernel->bootstrap()
#2 Command line code(1): Illuminate\\Foundation\\Console\\Kernel->handle()
#3 {main}
"} 
[2024-05-22 08:19:13] local.ERROR: syntax error, unexpected token "->", expecting end of file {"exception":"[object] (ParseError(code: 0): syntax error, unexpected token \"->\", expecting end of file at /home/dev/Dev/VisoBra/routes/console.php:22)
[stacktrace]
#0 /home/dev/Dev/VisoBra/vendor/laravel/framework/src/Illuminate/Foundation/Console/Kernel.php(479): Illuminate\\Foundation\\Console\\Kernel->discoverCommands()
#1 /home/dev/Dev/VisoBra/vendor/laravel/framework/src/Illuminate/Foundation/Console/Kernel.php(194): Illuminate\\Foundation\\Console\\Kernel->bootstrap()
#2 Command line code(1): Illuminate\\Foundation\\Console\\Kernel->handle()
#3 {main}
"} 
[2024-05-22 08:19:13] local.ERROR: syntax error, unexpected token "->", expecting end of file {"exception":"[object] (ParseError(code: 0): syntax error, unexpected token \"->\", expecting end of file at /home/dev/Dev/VisoBra/routes/console.php:22)
[stacktrace]
#0 /home/dev/Dev/VisoBra/vendor/laravel/framework/src/Illuminate/Foundation/Console/Kernel.php(479): Illuminate\\Foundation\\Console\\Kernel->discoverCommands()
#1 /home/dev/Dev/VisoBra/vendor/laravel/framework/src/Illuminate/Foundation/Console/Kernel.php(194): Illuminate\\Foundation\\Console\\Kernel->bootstrap()
#2 Command line code(1): Illuminate\\Foundation\\Console\\Kernel->handle()
#3 {main}
"} 
[2024-05-22 08:19:23] local.ERROR: syntax error, unexpected token "->", expecting end of file {"exception":"[object] (ParseError(code: 0): syntax error, unexpected token \"->\", expecting end of file at /home/dev/Dev/VisoBra/routes/console.php:22)
[stacktrace]
#0 /home/dev/Dev/VisoBra/vendor/laravel/framework/src/Illuminate/Foundation/Console/Kernel.php(479): Illuminate\\Foundation\\Console\\Kernel->discoverCommands()
#1 /home/dev/Dev/VisoBra/vendor/laravel/framework/src/Illuminate/Foundation/Console/Kernel.php(194): Illuminate\\Foundation\\Console\\Kernel->bootstrap()
#2 Command line code(1): Illuminate\\Foundation\\Console\\Kernel->handle()
#3 {main}
"} 
[2024-05-22 08:19:23] local.ERROR: syntax error, unexpected token "->", expecting end of file {"exception":"[object] (ParseError(code: 0): syntax error, unexpected token \"->\", expecting end of file at /home/dev/Dev/VisoBra/routes/console.php:22)
[stacktrace]
#0 /home/dev/Dev/VisoBra/vendor/laravel/framework/src/Illuminate/Foundation/Console/Kernel.php(479): Illuminate\\Foundation\\Console\\Kernel->discoverCommands()
#1 /home/dev/Dev/VisoBra/vendor/laravel/framework/src/Illuminate/Foundation/Console/Kernel.php(194): Illuminate\\Foundation\\Console\\Kernel->bootstrap()
#2 Command line code(1): Illuminate\\Foundation\\Console\\Kernel->handle()
#3 {main}
"} 
[2024-05-22 08:19:52] local.ERROR: syntax error, unexpected end of file {"exception":"[object] (ParseError(code: 0): syntax error, unexpected end of file at /home/dev/Dev/VisoBra/routes/console.php:23)
[stacktrace]
#0 /home/dev/Dev/VisoBra/vendor/laravel/framework/src/Illuminate/Foundation/Console/Kernel.php(479): Illuminate\\Foundation\\Console\\Kernel->discoverCommands()
#1 /home/dev/Dev/VisoBra/vendor/laravel/framework/src/Illuminate/Foundation/Console/Kernel.php(194): Illuminate\\Foundation\\Console\\Kernel->bootstrap()
#2 Command line code(1): Illuminate\\Foundation\\Console\\Kernel->handle()
#3 {main}
"} 
[2024-05-22 08:19:52] local.ERROR: syntax error, unexpected end of file {"exception":"[object] (ParseError(code: 0): syntax error, unexpected end of file at /home/dev/Dev/VisoBra/routes/console.php:23)
[stacktrace]
#0 /home/dev/Dev/VisoBra/vendor/laravel/framework/src/Illuminate/Foundation/Console/Kernel.php(479): Illuminate\\Foundation\\Console\\Kernel->discoverCommands()
#1 /home/dev/Dev/VisoBra/vendor/laravel/framework/src/Illuminate/Foundation/Console/Kernel.php(194): Illuminate\\Foundation\\Console\\Kernel->bootstrap()
#2 Command line code(1): Illuminate\\Foundation\\Console\\Kernel->handle()
#3 {main}
"} 
[2024-05-22 08:20:13] local.ERROR: syntax error, unexpected end of file {"exception":"[object] (ParseError(code: 0): syntax error, unexpected end of file at /home/dev/Dev/VisoBra/routes/console.php:24)
[stacktrace]
#0 /home/dev/Dev/VisoBra/vendor/laravel/framework/src/Illuminate/Foundation/Console/Kernel.php(479): Illuminate\\Foundation\\Console\\Kernel->discoverCommands()
#1 /home/dev/Dev/VisoBra/vendor/laravel/framework/src/Illuminate/Foundation/Console/Kernel.php(194): Illuminate\\Foundation\\Console\\Kernel->bootstrap()
#2 Command line code(1): Illuminate\\Foundation\\Console\\Kernel->handle()
#3 {main}
"} 
[2024-05-22 08:20:13] local.ERROR: syntax error, unexpected end of file {"exception":"[object] (ParseError(code: 0): syntax error, unexpected end of file at /home/dev/Dev/VisoBra/routes/console.php:24)
[stacktrace]
#0 /home/dev/Dev/VisoBra/vendor/laravel/framework/src/Illuminate/Foundation/Console/Kernel.php(479): Illuminate\\Foundation\\Console\\Kernel->discoverCommands()
#1 /home/dev/Dev/VisoBra/vendor/laravel/framework/src/Illuminate/Foundation/Console/Kernel.php(194): Illuminate\\Foundation\\Console\\Kernel->bootstrap()
#2 Command line code(1): Illuminate\\Foundation\\Console\\Kernel->handle()
#3 {main}
"} 
[2024-05-22 08:20:13] local.ERROR: syntax error, unexpected end of file {"exception":"[object] (ParseError(code: 0): syntax error, unexpected end of file at /home/dev/Dev/VisoBra/routes/console.php:24)
[stacktrace]
#0 /home/dev/Dev/VisoBra/vendor/laravel/framework/src/Illuminate/Foundation/Console/Kernel.php(479): Illuminate\\Foundation\\Console\\Kernel->discoverCommands()
#1 /home/dev/Dev/VisoBra/vendor/laravel/framework/src/Illuminate/Foundation/Console/Kernel.php(194): Illuminate\\Foundation\\Console\\Kernel->bootstrap()
#2 Command line code(1): Illuminate\\Foundation\\Console\\Kernel->handle()
#3 {main}
"} 
[2024-05-22 08:20:13] local.ERROR: syntax error, unexpected end of file {"exception":"[object] (ParseError(code: 0): syntax error, unexpected end of file at /home/dev/Dev/VisoBra/routes/console.php:24)
[stacktrace]
#0 /home/dev/Dev/VisoBra/vendor/laravel/framework/src/Illuminate/Foundation/Console/Kernel.php(479): Illuminate\\Foundation\\Console\\Kernel->discoverCommands()
#1 /home/dev/Dev/VisoBra/vendor/laravel/framework/src/Illuminate/Foundation/Console/Kernel.php(194): Illuminate\\Foundation\\Console\\Kernel->bootstrap()
#2 Command line code(1): Illuminate\\Foundation\\Console\\Kernel->handle()
#3 {main}
"} 
[2024-05-22 08:20:19] local.ERROR: syntax error, unexpected end of file, expecting identifier or variable or "{" or "$" {"exception":"[object] (ParseError(code: 0): syntax error, unexpected end of file, expecting identifier or variable or \"{\" or \"$\" at /home/dev/Dev/VisoBra/routes/console.php:24)
[stacktrace]
#0 /home/dev/Dev/VisoBra/vendor/laravel/framework/src/Illuminate/Foundation/Console/Kernel.php(479): Illuminate\\Foundation\\Console\\Kernel->discoverCommands()
#1 /home/dev/Dev/VisoBra/vendor/laravel/framework/src/Illuminate/Foundation/Console/Kernel.php(194): Illuminate\\Foundation\\Console\\Kernel->bootstrap()
#2 Command line code(1): Illuminate\\Foundation\\Console\\Kernel->handle()
#3 {main}
"} 
[2024-05-22 08:20:19] local.ERROR: syntax error, unexpected end of file, expecting identifier or variable or "{" or "$" {"exception":"[object] (ParseError(code: 0): syntax error, unexpected end of file, expecting identifier or variable or \"{\" or \"$\" at /home/dev/Dev/VisoBra/routes/console.php:24)
[stacktrace]
#0 /home/dev/Dev/VisoBra/vendor/laravel/framework/src/Illuminate/Foundation/Console/Kernel.php(479): Illuminate\\Foundation\\Console\\Kernel->discoverCommands()
#1 /home/dev/Dev/VisoBra/vendor/laravel/framework/src/Illuminate/Foundation/Console/Kernel.php(194): Illuminate\\Foundation\\Console\\Kernel->bootstrap()
#2 Command line code(1): Illuminate\\Foundation\\Console\\Kernel->handle()
#3 {main}
"} 
