Xdebug: [Step Debug] Could not connect to debugging client. Tried: localhost:9003 (through xdebug.client_host/xdebug.client_port).

   RedisException 

  Connection refused

  at /home/dev/Dev/VisoBra/vendor/laravel/framework/src/Illuminate/Redis/Connectors/PhpRedisConnector.php:159
    155▕         if (version_compare(phpversion('redis'), '5.3.0', '>=') && ! is_null($context = Arr::get($config, 'context'))) {
    156▕             $parameters[] = $context;
    157▕         }
    158▕ 
  ➜ 159▕         $client->{$persistent ? 'pconnect' : 'connect'}(...$parameters);
    160▕     }
    161▕ 
    162▕     /**
    163▕      * Create a new redis cluster instance.

      [2m+25 vendor frames [22m

  26  /home/dev/Dev/VisoBra/artisan:13
      Illuminate\Foundation\Application::handleCommand()

Xdebug: [Step Debug] Could not connect to debugging client. Tried: localhost:9003 (through xdebug.client_host/xdebug.client_port).
Xdebug: [Step Debug] Could not connect to debugging client. Tried: localhost:9003 (through xdebug.client_host/xdebug.client_port).
Xdebug: [Step Debug] Could not connect to debugging client. Tried: localhost:9003 (through xdebug.client_host/xdebug.client_port).
Xdebug: [Step Debug] Could not connect to debugging client. Tried: localhost:9003 (through xdebug.client_host/xdebug.client_port).

   RedisException 

  Connection refused

  at /home/dev/Dev/VisoBra/vendor/laravel/framework/src/Illuminate/Redis/Connectors/PhpRedisConnector.php:159
    155▕         if (version_compare(phpversion('redis'), '5.3.0', '>=') && ! is_null($context = Arr::get($config, 'context'))) {
    156▕             $parameters[] = $context;
    157▕         }
    158▕ 
  ➜ 159▕         $client->{$persistent ? 'pconnect' : 'connect'}(...$parameters);
    160▕     }
    161▕ 
    162▕     /**
    163▕      * Create a new redis cluster instance.

      [2m+25 vendor frames [22m

  26  /home/dev/Dev/VisoBra/artisan:13
      Illuminate\Foundation\Application::handleCommand()

Xdebug: [Step Debug] Could not connect to debugging client. Tried: localhost:9003 (through xdebug.client_host/xdebug.client_port).
Xdebug: [Step Debug] Could not connect to debugging client. Tried: localhost:9003 (through xdebug.client_host/xdebug.client_port).
Xdebug: [Step Debug] Could not connect to debugging client. Tried: localhost:9003 (through xdebug.client_host/xdebug.client_port).
Xdebug: [Step Debug] Could not connect to debugging client. Tried: localhost:9003 (through xdebug.client_host/xdebug.client_port).

   RedisException 

  Connection refused

  at /home/dev/Dev/VisoBra/vendor/laravel/framework/src/Illuminate/Redis/Connectors/PhpRedisConnector.php:159
    155▕         if (version_compare(phpversion('redis'), '5.3.0', '>=') && ! is_null($context = Arr::get($config, 'context'))) {
    156▕             $parameters[] = $context;
    157▕         }
    158▕ 
  ➜ 159▕         $client->{$persistent ? 'pconnect' : 'connect'}(...$parameters);
    160▕     }
    161▕ 
    162▕     /**
    163▕      * Create a new redis cluster instance.

      [2m+25 vendor frames [22m

  26  /home/dev/Dev/VisoBra/artisan:13
      Illuminate\Foundation\Application::handleCommand()

Xdebug: [Step Debug] Could not connect to debugging client. Tried: localhost:9003 (through xdebug.client_host/xdebug.client_port).
Xdebug: [Step Debug] Could not connect to debugging client. Tried: localhost:9003 (through xdebug.client_host/xdebug.client_port).
Xdebug: [Step Debug] Could not connect to debugging client. Tried: localhost:9003 (through xdebug.client_host/xdebug.client_port).
Xdebug: [Step Debug] Could not connect to debugging client. Tried: localhost:9003 (through xdebug.client_host/xdebug.client_port).

   RedisException 

  Connection refused

  at /home/dev/Dev/VisoBra/vendor/laravel/framework/src/Illuminate/Redis/Connectors/PhpRedisConnector.php:159
    155▕         if (version_compare(phpversion('redis'), '5.3.0', '>=') && ! is_null($context = Arr::get($config, 'context'))) {
    156▕             $parameters[] = $context;
    157▕         }
    158▕ 
  ➜ 159▕         $client->{$persistent ? 'pconnect' : 'connect'}(...$parameters);
    160▕     }
    161▕ 
    162▕     /**
    163▕      * Create a new redis cluster instance.

      [2m+25 vendor frames [22m

  26  /home/dev/Dev/VisoBra/artisan:13
      Illuminate\Foundation\Application::handleCommand()

Xdebug: [Step Debug] Could not connect to debugging client. Tried: localhost:9003 (through xdebug.client_host/xdebug.client_port).
Xdebug: [Step Debug] Could not connect to debugging client. Tried: localhost:9003 (through xdebug.client_host/xdebug.client_port).
Xdebug: [Step Debug] Could not connect to debugging client. Tried: localhost:9003 (through xdebug.client_host/xdebug.client_port).
Xdebug: [Step Debug] Could not connect to debugging client. Tried: localhost:9003 (through xdebug.client_host/xdebug.client_port).

   RedisException 

  Connection refused

  at /home/dev/Dev/VisoBra/vendor/laravel/framework/src/Illuminate/Redis/Connectors/PhpRedisConnector.php:159
    155▕         if (version_compare(phpversion('redis'), '5.3.0', '>=') && ! is_null($context = Arr::get($config, 'context'))) {
    156▕             $parameters[] = $context;
    157▕         }
    158▕ 
  ➜ 159▕         $client->{$persistent ? 'pconnect' : 'connect'}(...$parameters);
    160▕     }
    161▕ 
    162▕     /**
    163▕      * Create a new redis cluster instance.

      [2m+25 vendor frames [22m

  26  /home/dev/Dev/VisoBra/artisan:13
      Illuminate\Foundation\Application::handleCommand()

Xdebug: [Step Debug] Could not connect to debugging client. Tried: localhost:9003 (through xdebug.client_host/xdebug.client_port).
Xdebug: [Step Debug] Could not connect to debugging client. Tried: localhost:9003 (through xdebug.client_host/xdebug.client_port).
Xdebug: [Step Debug] Could not connect to debugging client. Tried: localhost:9003 (through xdebug.client_host/xdebug.client_port).
